<?xml version="1.0" encoding="UTF-8"?>
<testng-results skipped="0" failed="0" total="1" passed="1">
  <reporter-output>
  </reporter-output>
  <suite name="Suite" duration-ms="6935" started-at="2017-11-10T16:28:06Z" finished-at="2017-11-10T16:28:13Z">
    <groups>
    </groups>
    <test name="Test" duration-ms="6935" started-at="2017-11-10T16:28:06Z" finished-at="2017-11-10T16:28:13Z">
      <class name="PrintMsg.printMsg">
        <test-method status="PASS" signature="printMethod()" name="printMethod" duration-ms="6914" started-at="2017-11-10T16:28:06Z" finished-at="2017-11-10T16:28:13Z">
        </test-method>
      </class>
    </test>
  </suite>
</testng-results>
